Determining if the pthread_create exist failed with the following output:
Change Dir: /home/jeongwoooh/zero/build/CMakeFiles/CMakeTmp

Run Build Command:"/usr/bin/make" "cmTC_bc635/fast"
/usr/bin/make -f CMakeFiles/cmTC_bc635.dir/build.make CMakeFiles/cmTC_bc635.dir/build
make[1]: 디렉터리 '/home/jeongwoooh/zero/build/CMakeFiles/CMakeTmp' 들어감
Building C object CMakeFiles/cmTC_bc635.dir/CheckSymbolExists.c.o
/usr/bin/cc    -o CMakeFiles/cmTC_bc635.dir/CheckSymbolExists.c.o   -c /home/jeongwoooh/zero/build/CMakeFiles/CMakeTmp/CheckSymbolExists.c
Linking C executable cmTC_bc635
/usr/bin/cmake -E cmake_link_script CMakeFiles/cmTC_bc635.dir/link.txt --verbose=1
/usr/bin/cc      -rdynamic CMakeFiles/cmTC_bc635.dir/CheckSymbolExists.c.o  -o cmTC_bc635 
CMakeFiles/cmTC_bc635.dir/CheckSymbolExists.c.o: In function `main':
CheckSymbolExists.c:(.text+0x1b): undefined reference to `pthread_create'
collect2: error: ld returned 1 exit status
CMakeFiles/cmTC_bc635.dir/build.make:97: recipe for target 'cmTC_bc635' failed
make[1]: *** [cmTC_bc635] Error 1
make[1]: 디렉터리 '/home/jeongwoooh/zero/build/CMakeFiles/CMakeTmp' 나감
Makefile:126: recipe for target 'cmTC_bc635/fast' failed
make: *** [cmTC_bc635/fast] Error 2

File /home/jeongwoooh/zero/build/CMakeFiles/CMakeTmp/CheckSymbolExists.c:
/* */
#include <pthread.h>

int main(int argc, char** argv)
{
  (void)argv;
#ifndef pthread_create
  return ((int*)(&pthread_create))[argc];
#else
  (void)argc;
  return 0;
#endif
}

Determining if the function pthread_create exists in the pthreads failed with the following output:
Change Dir: /home/jeongwoooh/zero/build/CMakeFiles/CMakeTmp

Run Build Command:"/usr/bin/make" "cmTC_209e2/fast"
/usr/bin/make -f CMakeFiles/cmTC_209e2.dir/build.make CMakeFiles/cmTC_209e2.dir/build
make[1]: 디렉터리 '/home/jeongwoooh/zero/build/CMakeFiles/CMakeTmp' 들어감
Building C object CMakeFiles/cmTC_209e2.dir/CheckFunctionExists.c.o
/usr/bin/cc   -DCHECK_FUNCTION_EXISTS=pthread_create   -o CMakeFiles/cmTC_209e2.dir/CheckFunctionExists.c.o   -c /usr/share/cmake-3.10/Modules/CheckFunctionExists.c
Linking C executable cmTC_209e2
/usr/bin/cmake -E cmake_link_script CMakeFiles/cmTC_209e2.dir/link.txt --verbose=1
/usr/bin/cc  -DCHECK_FUNCTION_EXISTS=pthread_create    -rdynamic CMakeFiles/cmTC_209e2.dir/CheckFunctionExists.c.o  -o cmTC_209e2 -lpthreads 
/usr/bin/ld: cannot find -lpthreads
collect2: error: ld returned 1 exit status
CMakeFiles/cmTC_209e2.dir/build.make:97: recipe for target 'cmTC_209e2' failed
make[1]: *** [cmTC_209e2] Error 1
make[1]: 디렉터리 '/home/jeongwoooh/zero/build/CMakeFiles/CMakeTmp' 나감
Makefile:126: recipe for target 'cmTC_209e2/fast' failed
make: *** [cmTC_209e2/fast] Error 2


